<?xml version="1.0" encoding="UTF-8"?>
<testng-results skipped="0" failed="0" ignored="0" total="1" passed="1">
  <reporter-output>
  </reporter-output>
  <suite name="Default suite" duration-ms="10656" started-at="2023-01-18T22:37:31 IST" finished-at="2023-01-18T22:37:42 IST">
    <groups>
    </groups>
    <test name="Default test" duration-ms="10656" started-at="2023-01-18T22:37:31 IST" finished-at="2023-01-18T22:37:42 IST">
      <class name="com.TechnicalExerciseForEvaluation.testCases.PreRetirementCalculator">
        <test-method status="PASS" signature="setUp()[pri:0, instance:com.TechnicalExerciseForEvaluation.testCases.PreRetirementCalculator@78e67e0a]" name="setUp" is-config="true" duration-ms="1762" started-at="2023-01-18T22:37:31 IST" finished-at="2023-01-18T22:37:33 IST">
          <reporter-output>
          </reporter-output>
        </test-method> <!-- setUp -->
        <test-method status="PASS" signature="retirementCalcultor()[pri:0, instance:com.TechnicalExerciseForEvaluation.testCases.PreRetirementCalculator@78e67e0a]" name="retirementCalcultor" duration-ms="8256" started-at="2023-01-18T22:37:33 IST" finished-at="2023-01-18T22:37:41 IST">
          <reporter-output>
          </reporter-output>
        </test-method> <!-- retirementCalcultor -->
        <test-method status="PASS" signature="tearDown()[pri:0, instance:com.TechnicalExerciseForEvaluation.testCases.PreRetirementCalculator@78e67e0a]" name="tearDown" is-config="true" duration-ms="603" started-at="2023-01-18T22:37:41 IST" finished-at="2023-01-18T22:37:42 IST">
          <reporter-output>
          </reporter-output>
        </test-method> <!-- tearDown -->
      </class> <!-- com.TechnicalExerciseForEvaluation.testCases.PreRetirementCalculator -->
    </test> <!-- Default test -->
  </suite> <!-- Default suite -->
</testng-results>
